destin/app/build/outputs/logs/manifest-merger-debug-report.txt
-- Merging decision tree log ---
manifest
ADDED from src\main\AndroidManifest.xml:2:1-37:12
INJECTED from src\main\AndroidManifest.xml:2:1-37:12
INJECTED from src\main\AndroidManifest.xml:2:1-37:12
INJECTED from src\main\AndroidManifest.xml:2:1-37:12
MERGED from [com.android.support:appcompat-v7:21.0.3] AndroidManifest.xml:14:4-17:12
MERGED from [com.android.support.constraint:constraint-layout:1.1.2] AndroidManifest.xml:2:1-11:12
MERGED from [com.android.support:support-v4:21.0.3] AndroidManifest.xml:14:4-17:12
INJECTED from src\main\AndroidManifest.xml:2:1-37:12
INJECTED from src\main\AndroidManifest.xml:2:1-37:12
INJECTED from src\main\AndroidManifest.xml:2:1-37:12
	package
		ADDED from src\main\AndroidManifest.xml:4:5-30
		INJECTED from src\main\AndroidManifest.xml
		INJECTED from src\main\AndroidManifest.xml
	android:versionName
		ADDED from src\main\AndroidManifest.xml:6:5-30
		INJECTED from src\main\AndroidManifest.xml
		INJECTED from src\main\AndroidManifest.xml
	xmlns:tools
		ADDED from src\main\AndroidManifest.xml:3:5-51
	xmlns:android
		ADDED from src\main\AndroidManifest.xml:2:11-69
	android:versionCode
		ADDED from src\main\AndroidManifest.xml:5:5-28
		INJECTED from src\main\AndroidManifest.xml
		INJECTED from src\main\AndroidManifest.xml
uses-sdk
ADDED from src\main\AndroidManifest.xml:8:5-43
INJECTED from src\main\AndroidManifest.xml:8:5-43
INJECTED from src\main\AndroidManifest.xml:8:5-43
MERGED from [com.android.support:appcompat-v7:21.0.3] AndroidManifest.xml:15:5-42
MERGED from [com.android.support:appcompat-v7:21.0.3] AndroidManifest.xml:15:5-42
MERGED from [com.android.support.constraint:constraint-layout:1.1.2] AndroidManifest.xml:5:5-7:41
MERGED from [com.android.support.constraint:constraint-layout:1.1.2] AndroidManifest.xml:5:5-7:41
MERGED from [com.android.support:support-v4:21.0.3] AndroidManifest.xml:15:5-42
MERGED from [com.android.support:support-v4:21.0.3] AndroidManifest.xml:15:5-42
INJECTED from src\main\AndroidManifest.xml:8:5-43
INJECTED from src\main\AndroidManifest.xml:8:5-43
	android:targetSdkVersion
		INJECTED from src\main\AndroidManifest.xml
		ADDED from src\main\AndroidManifest.xml:8:5-43
		INJECTED from src\main\AndroidManifest.xml
	android:minSdkVersion
		ADDED from src\main\AndroidManifest.xml:8:15-40
		INJECTED from src\main\AndroidManifest.xml
		INJECTED from src\main\AndroidManifest.xml
uses-permission#android.permission.RECORD_AUDIO
ADDED from src\main\AndroidManifest.xml:10:5-71
	android:name
		ADDED from src\main\AndroidManifest.xml:10:22-68
uses-permission#android.permission.READ_CONTACTS
ADDED from src\main\AndroidManifest.xml:11:5-72
	android:name
		ADDED from src\main\AndroidManifest.xml:11:22-69
uses-permission#android.permission.CALL_PHONE
ADDED from src\main\AndroidManifest.xml:12:5-69
	android:name
		ADDED from src\main\AndroidManifest.xml:12:22-66
uses-permission#android.permission.CAPTURE_AUDIO_OUTPUT
ADDED from src\main\AndroidManifest.xml:13:5-15:47
	tools:ignore
		ADDED from src\main\AndroidManifest.xml:15:9-44
	android:name
		ADDED from src\main\AndroidManifest.xml:14:9-63
uses-permission#android.permission.WRITE_EXTERNAL_STORAGE
ADDED from src\main\AndroidManifest.xml:16:5-81
	android:name
		ADDED from src\main\AndroidManifest.xml:16:22-78
uses-permission#android.permission.READ_PHONE_STATE
ADDED from src\main\AndroidManifest.xml:17:5-75
	android:name
		ADDED from src\main\AndroidManifest.xml:17:22-72
uses-permission#android.permission.READ_EXTERNAL_STORAGE
ADDED from src\main\AndroidManifest.xml:18:5-80
	android:name
		ADDED from src\main\AndroidManifest.xml:18:22-77
application
ADDED from src\main\AndroidManifest.xml:20:5-35:19
MERGED from [com.android.support:appcompat-v7:21.0.3] AndroidManifest.xml:16:5-19
MERGED from [com.android.support:appcompat-v7:21.0.3] AndroidManifest.xml:16:5-19
MERGED from [com.android.support.constraint:constraint-layout:1.1.2] AndroidManifest.xml:9:5-20
MERGED from [com.android.support.constraint:constraint-layout:1.1.2] AndroidManifest.xml:9:5-20
MERGED from [com.android.support:support-v4:21.0.3] AndroidManifest.xml:16:5-19
MERGED from [com.android.support:support-v4:21.0.3] AndroidManifest.xml:16:5-19
	android:label
		ADDED from src\main\AndroidManifest.xml:22:9-41
	android:icon
		ADDED from src\main\AndroidManifest.xml:21:9-38
activity#wpam.recognizer.MainActivity
ADDED from src\main\AndroidManifest.xml:23:9-32:20
	android:screenOrientation
		ADDED from src\main\AndroidManifest.xml:26:13-49
	android:label
		ADDED from src\main\AndroidManifest.xml:25:13-45
	android:name
		ADDED from src\main\AndroidManifest.xml:24:13-41
intent-filter#action:name:android.intent.action.MAIN+category:name:android.intent.category.LAUNCHER
ADDED from src\main\AndroidManifest.xml:27:13-31:29
action#android.intent.action.MAIN
ADDED from src\main\AndroidManifest.xml:28:17-69
	android:name
		ADDED from src\main\AndroidManifest.xml:28:25-66
category#android.intent.category.LAUNCHER
ADDED from src\main\AndroidManifest.xml:30:17-77
	android:name
		ADDED from src\main\AndroidManifest.xml:30:27-74
activity#wpam.recognizer.ChooseActivity
ADDED from src\main\AndroidManifest.xml:33:9-52
	android:name
		ADDED from src\main\AndroidManifest.xml:33:19-49